<?xml version="1.0" encoding="UTF-8"?>
<!-- Generated by org.testng.reporters.JUnitXMLReporter -->
<testsuite ignored="0" hostname="ITEM-S32273" failures="3" tests="4" name="LoginTest01" time="12.574" errors="0" timestamp="2020-05-07T20:44:38 IST">
  <testcase classname="testcases.Login" name="AeroWebb_login" time="2.151"/>
  <testcase classname="testcases.Login" name="Home_Page" time="2.309">
    <failure type="java.lang.IndexOutOfBoundsException" message="Index 9 out of bounds for length 9">
      <![CDATA[java.lang.IndexOutOfBoundsException: Index 9 out of bounds for length 9
at java.base/jdk.internal.util.Preconditions.outOfBounds(Preconditions.java:64)
at java.base/jdk.internal.util.Preconditions.outOfBoundsCheckIndex(Preconditions.java:70)
at java.base/jdk.internal.util.Preconditions.checkIndex(Preconditions.java:248)
at java.base/java.util.Objects.checkIndex(Objects.java:373)
at java.base/java.util.ArrayList.get(ArrayList.java:426)
at testcases.Login.Home_Page(Login.java:49)
at java.base/java.util.ArrayList.forEach(ArrayList.java:1510)
... Removed 27 stack frames]]>
    </failure>
  </testcase> <!-- Home_Page -->
  <testcase classname="testcases.Login" name="Home_Administration" time="0.862">
    <failure type="java.lang.IndexOutOfBoundsException" message="Index 13 out of bounds for length 13">
      <![CDATA[java.lang.IndexOutOfBoundsException: Index 13 out of bounds for length 13
at java.base/jdk.internal.util.Preconditions.outOfBounds(Preconditions.java:64)
at java.base/jdk.internal.util.Preconditions.outOfBoundsCheckIndex(Preconditions.java:70)
at java.base/jdk.internal.util.Preconditions.checkIndex(Preconditions.java:248)
at java.base/java.util.Objects.checkIndex(Objects.java:373)
at java.base/java.util.ArrayList.get(ArrayList.java:426)
at testcases.Login.Home_Administration(Login.java:83)
at java.base/java.util.ArrayList.forEach(ArrayList.java:1510)
... Removed 27 stack frames]]>
    </failure>
  </testcase> <!-- Home_Administration -->
  <testcase classname="testcases.Login" name="Home_Engineering_Data" time="5.091">
    <failure type="java.lang.IndexOutOfBoundsException" message="Index 0 out of bounds for length 0">
      <![CDATA[java.lang.IndexOutOfBoundsException: Index 0 out of bounds for length 0
at java.base/jdk.internal.util.Preconditions.outOfBounds(Preconditions.java:64)
at java.base/jdk.internal.util.Preconditions.outOfBoundsCheckIndex(Preconditions.java:70)
at java.base/jdk.internal.util.Preconditions.checkIndex(Preconditions.java:248)
at java.base/java.util.Objects.checkIndex(Objects.java:373)
at java.base/java.util.ArrayList.get(ArrayList.java:426)
at testcases.Login.Home_Engineering_Data(Login.java:118)
at java.base/java.util.ArrayList.forEach(ArrayList.java:1510)
... Removed 27 stack frames]]>
    </failure>
  </testcase> <!-- Home_Engineering_Data -->
</testsuite> <!-- LoginTest01 -->
