<?xml version="1.0" encoding="UTF-8"?>
<!-- Generated by org.testng.reporters.JUnitXMLReporter -->
<testsuite ignored="0" hostname="ITEM-S32273" failures="1" tests="3" name="RegressionTest" time="11.884" errors="0" timestamp="2020-05-07T06:41:23 IST">
  <testcase classname="testcases.BankLoginTest" name="loginAsBankManager" time="10.105">
    <failure type="junit.framework.AssertionFailedError" message="Error while clicking on element :btnAccount_XPATH">
      <![CDATA[junit.framework.AssertionFailedError: Error while clicking on element :btnAccount_XPATH
at junit.framework.Assert.fail(Assert.java:47)
at base.BaseTest.click(BaseTest.java:99)
at testcases.BankLoginTest.loginAsBankManager(BankLoginTest.java:15)
at java.base/java.util.ArrayList.forEach(ArrayList.java:1510)
... Removed 27 stack frames]]>
    </failure>
  </testcase> <!-- loginAsBankManager -->
  <testcase classname="testcases.BankLoginTest" name="loginAsCustomer" time="0.002"/>
  <testcase classname="testcases.BankLoginTest" name="loginAsCustomer" time="0.002"/>
</testsuite> <!-- RegressionTest -->
