<?xml version="1.0" encoding="UTF-8"?>
<!-- Generated by org.testng.reporters.JUnitXMLReporter -->
<testsuite ignored="0" hostname="ITEM-S84152" failures="1" tests="3" name="RegressionTest" time="4.344" errors="0" timestamp="05 May 2020 11:08:21 GMT">
  <testcase classname="testcases.BankLoginTest" name="loginAsBankManager" time="4.277">
    <failure type="java.lang.AssertionError" message="null">
      <![CDATA[java.lang.AssertionError: null
at testcases.BankLoginTest.loginAsBankManager(BankLoginTest.java:20)
... Removed 31 stack frames]]>
    </failure>
  </testcase> <!-- loginAsBankManager -->
  <testcase classname="testcases.BankLoginTest" name="loginAsCustomer" time="0.001"/>
  <testcase classname="testcases.BankLoginTest" name="loginAsCustomer" time="0.0"/>
</testsuite> <!-- RegressionTest -->
